
Starting Nmap 6.40 ( http://nmap.org ) at 2022-11-05 11:21 CST
Nmap scan report for 172.29.5.38
Host is up (0.00099s latency).
PORT   STATE SERVICE
80/tcp open  http

Nmap scan report for 172.29.5.99
Host is up (0.0016s latency).
PORT   STATE SERVICE
80/tcp open  http

Nmap scan report for 172.29.6.26
Host is up (0.0017s latency).
PORT   STATE SERVICE
80/tcp open  http

Nmap scan report for 172.29.7.180
Host is up (0.00077s latency).
PORT   STATE SERVICE
80/tcp open  http

Nmap scan report for 172.29.7.188
Host is up (0.00071s latency).
PORT   STATE SERVICE
80/tcp open  http

Nmap scan report for 172.29.14.151
Host is up (0.00096s latency).
PORT   STATE SERVICE
80/tcp open  http

Nmap scan report for 172.29.15.121
Host is up (0.0012s latency).
PORT   STATE SERVICE
80/tcp open  http

Nmap scan report for 172.29.16.81
Host is up (0.00072s latency).
PORT   STATE SERVICE
80/tcp open  http

Nmap scan report for 172.29.17.19
Host is up (0.0016s latency).
PORT   STATE SERVICE
80/tcp open  http

Nmap scan report for 172.29.17.69
Host is up (0.0014s latency).
PORT   STATE SERVICE
80/tcp open  http

Nmap scan report for 172.29.17.205
Host is up (0.0010s latency).
PORT   STATE SERVICE
80/tcp open  http

Nmap scan report for 172.29.17.225
Host is up (0.0024s latency).
PORT   STATE SERVICE
80/tcp open  http

Nmap scan report for 172.29.18.247
Host is up (0.0058s latency).
PORT   STATE SERVICE
80/tcp open  http

Nmap scan report for 172.29.19.24
Host is up (0.0013s latency).
PORT   STATE SERVICE
80/tcp open  http

Nmap scan report for 172.29.19.117
Host is up (0.0030s latency).
PORT   STATE SERVICE
80/tcp open  http

Nmap scan report for 172.29.19.178
Host is up (0.0024s latency).
PORT   STATE SERVICE
80/tcp open  http

Nmap scan report for 172.29.19.234
Host is up (0.0016s latency).
PORT   STATE SERVICE
80/tcp open  http

Nmap scan report for 172.29.22.46
Host is up (0.00085s latency).
PORT   STATE SERVICE
80/tcp open  http

Nmap scan report for 172.29.23.147
Host is up (0.00077s latency).
PORT   STATE SERVICE
80/tcp open  http

Nmap scan report for 172.29.24.8
Host is up (0.00078s latency).
PORT   STATE SERVICE
80/tcp open  http

Nmap scan report for 172.29.24.104
Host is up (0.0021s latency).
PORT   STATE SERVICE
80/tcp open  http

Nmap scan report for 172.29.24.192
Host is up (0.0017s latency).
PORT   STATE SERVICE
80/tcp open  http

Nmap scan report for 172.29.24.204
Host is up (0.056s latency).
PORT   STATE SERVICE
80/tcp open  http

Nmap scan report for 172.29.25.21
Host is up (0.0027s latency).
PORT   STATE SERVICE
80/tcp open  http

Nmap scan report for 172.29.25.25
Host is up (0.0014s latency).
PORT   STATE SERVICE
80/tcp open  http

Nmap scan report for 172.29.25.63
Host is up (0.0012s latency).
PORT   STATE SERVICE
80/tcp open  http

Nmap scan report for 172.29.26.80
Host is up (0.0024s latency).
PORT   STATE SERVICE
80/tcp open  http

Nmap scan report for 172.29.26.165
Host is up (0.0016s latency).
PORT   STATE SERVICE
80/tcp open  http

Nmap scan report for 172.29.28.79
Host is up (0.00070s latency).
PORT   STATE SERVICE
80/tcp open  http

Nmap scan report for 172.29.28.119
Host is up (0.0017s latency).
PORT   STATE SERVICE
80/tcp open  http

Nmap scan report for 172.29.28.126
Host is up (0.0010s latency).
PORT   STATE SERVICE
80/tcp open  http

Nmap scan report for 172.29.28.226
Host is up (0.0023s latency).
PORT   STATE SERVICE
80/tcp open  http

Nmap scan report for 172.29.30.26
Host is up (0.0016s latency).
PORT   STATE SERVICE
80/tcp open  http

Nmap scan report for 172.29.30.149
Host is up (0.0010s latency).
PORT   STATE SERVICE
80/tcp open  http

Nmap scan report for 172.29.30.200
Host is up (0.0035s latency).
PORT   STATE SERVICE
80/tcp open  http

Nmap scan report for 172.29.32.163
Host is up (0.0013s latency).
PORT   STATE SERVICE
80/tcp open  http

Nmap scan report for 172.29.32.170
Host is up (0.0013s latency).
PORT   STATE SERVICE
80/tcp open  http

Nmap scan report for 172.29.34.96
Host is up (0.0022s latency).
PORT   STATE SERVICE
80/tcp open  http

Nmap scan report for 172.29.39.8
Host is up (0.0018s latency).
PORT   STATE SERVICE
80/tcp open  http

Nmap scan report for 172.29.41.248
Host is up (0.0018s latency).
PORT   STATE SERVICE
80/tcp open  http

Nmap scan report for 172.29.42.24
Host is up (0.0026s latency).
PORT   STATE SERVICE
80/tcp open  http

Nmap scan report for 172.29.42.234
Host is up (0.0019s latency).
PORT   STATE SERVICE
80/tcp open  http

Nmap scan report for 172.29.43.31
Host is up (0.0012s latency).
PORT   STATE SERVICE
80/tcp open  http

Nmap scan report for 172.29.43.70
Host is up (0.00097s latency).
PORT   STATE SERVICE
80/tcp open  http

Nmap scan report for 172.29.43.99
Host is up (0.0016s latency).
PORT   STATE SERVICE
80/tcp open  http

Nmap scan report for 172.29.43.229
Host is up (0.0014s latency).
PORT   STATE SERVICE
80/tcp open  http

Nmap scan report for 172.29.44.45
Host is up (0.0013s latency).
PORT   STATE SERVICE
80/tcp open  http

Nmap scan report for 172.29.44.85
Host is up (0.0018s latency).
PORT   STATE SERVICE
80/tcp open  http

Nmap scan report for 172.29.46.122
Host is up (0.0013s latency).
PORT   STATE SERVICE
80/tcp open  http

Nmap scan report for 172.29.47.7
Host is up (0.013s latency).
PORT   STATE SERVICE
80/tcp open  http

Nmap scan report for 172.29.47.133
Host is up (0.0013s latency).
PORT   STATE SERVICE
80/tcp open  http

Nmap scan report for 172.29.47.228
Host is up (0.0023s latency).
PORT   STATE SERVICE
80/tcp open  http

Nmap scan report for 172.29.50.14
Host is up (0.00085s latency).
PORT   STATE SERVICE
80/tcp open  http

Nmap scan report for 172.29.50.34
Host is up (0.010s latency).
PORT   STATE SERVICE
80/tcp open  http

Nmap scan report for 172.29.50.181
Host is up (0.21s latency).
PORT   STATE SERVICE
80/tcp open  http

Nmap scan report for 172.29.50.220
Host is up (0.0028s latency).
PORT   STATE SERVICE
80/tcp open  http

Nmap scan report for 172.29.50.223
Host is up (0.0023s latency).
PORT   STATE SERVICE
80/tcp open  http

Nmap scan report for 172.29.50.235
Host is up (0.0021s latency).
PORT   STATE SERVICE
80/tcp open  http

Nmap scan report for 172.29.50.236
Host is up (0.00073s latency).
PORT   STATE SERVICE
80/tcp open  http

Nmap scan report for 172.29.63.54
Host is up (0.0024s latency).
PORT   STATE SERVICE
80/tcp open  http

Nmap scan report for 172.29.63.55
Host is up (0.0037s latency).
PORT   STATE SERVICE
80/tcp open  http

Nmap scan report for 172.29.63.72
Host is up (0.0030s latency).
PORT   STATE SERVICE
80/tcp open  http

Nmap scan report for 172.29.63.146
Host is up (0.0057s latency).
PORT   STATE SERVICE
80/tcp open  http

Nmap scan report for 172.29.63.156
Host is up (0.0028s latency).
PORT   STATE SERVICE
80/tcp open  http

Nmap scan report for 172.29.63.163
Host is up (0.0023s latency).
PORT   STATE SERVICE
80/tcp open  http

Nmap scan report for 172.29.63.203
Host is up (0.0018s latency).
PORT   STATE SERVICE
80/tcp open  http

Nmap scan report for 172.29.63.205
Host is up (0.0016s latency).
PORT   STATE SERVICE
80/tcp open  http

Nmap scan report for 172.29.63.206
Host is up (0.0014s latency).
PORT   STATE SERVICE
80/tcp open  http

Nmap scan report for 172.29.63.207
Host is up (0.0019s latency).
PORT   STATE SERVICE
80/tcp open  http

Nmap scan report for 172.29.63.214
Host is up (0.0026s latency).
PORT   STATE SERVICE
80/tcp open  http

Nmap scan report for 172.29.63.215
Host is up (0.0016s latency).
PORT   STATE SERVICE
80/tcp open  http

Nmap scan report for 172.29.63.216
Host is up (0.15s latency).
PORT   STATE SERVICE
80/tcp open  http

Nmap scan report for 172.29.63.217
Host is up (0.0018s latency).
PORT   STATE SERVICE
80/tcp open  http

Nmap scan report for 172.29.63.218
Host is up (0.0022s latency).
PORT   STATE SERVICE
80/tcp open  http

Nmap scan report for 172.29.63.219
Host is up (0.0019s latency).
PORT   STATE SERVICE
80/tcp open  http

Nmap scan report for 172.29.64.9
Host is up (0.0025s latency).
PORT   STATE SERVICE
80/tcp open  http

Nmap scan report for 172.29.64.18
Host is up (0.045s latency).
PORT   STATE SERVICE
80/tcp open  http

Nmap scan report for 172.29.64.84
Host is up (0.0064s latency).
PORT   STATE SERVICE
80/tcp open  http

Nmap scan report for 172.29.65.88
Host is up (0.0021s latency).
PORT   STATE SERVICE
80/tcp open  http

Nmap scan report for 172.29.69.28
Host is up (0.0032s latency).
PORT   STATE SERVICE
80/tcp open  http

Nmap scan report for 172.29.71.136
Host is up (0.00075s latency).
PORT   STATE SERVICE
80/tcp open  http

Nmap scan report for 172.29.75.26
Host is up (0.0017s latency).
PORT   STATE SERVICE
80/tcp open  http

Nmap scan report for 172.29.93.170
Host is up (0.0019s latency).
PORT   STATE SERVICE
80/tcp open  http

Nmap scan report for 172.29.95.97
Host is up (0.0014s latency).
PORT   STATE SERVICE
80/tcp open  http

Nmap scan report for 172.29.95.102
Host is up (0.0016s latency).
PORT   STATE SERVICE
80/tcp open  http

Nmap scan report for 172.29.96.148
Host is up (0.00099s latency).
PORT   STATE SERVICE
80/tcp open  http

Nmap scan report for 172.29.96.156
Host is up (0.0014s latency).
PORT   STATE SERVICE
80/tcp open  http

Nmap scan report for 172.29.97.118
Host is up (0.0012s latency).
PORT   STATE SERVICE
80/tcp open  http

Nmap scan report for 172.29.98.133
Host is up (0.0017s latency).
PORT   STATE SERVICE
80/tcp open  http

Nmap scan report for 172.29.99.163
Host is up (0.0020s latency).
PORT   STATE SERVICE
80/tcp open  http

Nmap scan report for 172.29.100.98
Host is up (0.0012s latency).
PORT   STATE SERVICE
80/tcp open  http

Nmap scan report for 172.29.100.123
Host is up (0.0036s latency).
PORT   STATE SERVICE
80/tcp open  http

Nmap scan report for 172.29.101.108
Host is up (0.0018s latency).
PORT   STATE SERVICE
80/tcp open  http

Nmap scan report for 172.29.101.153
Host is up (0.0082s latency).
PORT   STATE SERVICE
80/tcp open  http

Nmap scan report for 172.29.102.30
Host is up (0.0022s latency).
PORT   STATE SERVICE
80/tcp open  http

Nmap scan report for 172.29.103.15
Host is up (0.0017s latency).
PORT   STATE SERVICE
80/tcp open  http

Nmap scan report for 172.29.107.18
Host is up (0.0023s latency).
PORT   STATE SERVICE
80/tcp open  http

Nmap scan report for 172.29.107.62
Host is up (0.0058s latency).
PORT   STATE SERVICE
80/tcp open  http

Nmap scan report for 172.29.108.108
Host is up (0.0014s latency).
PORT   STATE SERVICE
80/tcp open  http

Nmap scan report for 172.29.110.168
Host is up (0.0023s latency).
PORT   STATE SERVICE
80/tcp open  http

Nmap scan report for 172.29.125.92
Host is up (0.0044s latency).
PORT   STATE SERVICE
80/tcp open  http

Nmap scan report for 172.29.125.109
Host is up (0.0039s latency).
PORT   STATE SERVICE
80/tcp open  http

Nmap scan report for 172.29.125.170
Host is up (0.0022s latency).
PORT   STATE SERVICE
80/tcp open  http

Nmap scan report for 172.29.145.136
Host is up (0.0012s latency).
PORT   STATE SERVICE
80/tcp open  http

Nmap scan report for 172.29.147.186
Host is up (0.0015s latency).
PORT   STATE SERVICE
80/tcp open  http

Nmap scan report for 172.29.152.125
Host is up (0.0018s latency).
PORT   STATE SERVICE
80/tcp open  http

Nmap scan report for 172.29.159.15
Host is up (0.0053s latency).
PORT   STATE SERVICE
80/tcp open  http

Nmap scan report for 172.29.239.38
Host is up (0.0013s latency).
PORT   STATE SERVICE
80/tcp open  http

Nmap scan report for 172.29.246.13
Host is up (0.0031s latency).
PORT   STATE SERVICE
80/tcp open  http

Nmap scan report for 172.29.248.4
Host is up (0.0017s latency).
PORT   STATE SERVICE
80/tcp open  http

Nmap done: 65536 IP addresses (2343 hosts up) scanned in 1810.31 seconds
